feb. 26, 2026, 16:14:27
Para restaurar sesión (v3.5)(Server mode): Bella Lab v3.xrp                                                                                                                 
Archivo de Conciencia: Bella Lab v3.xrp
❌ ERROR: El servidor no ve el archivo Bella Lab v3.xrp en /home/uziel_gamma/python/2AA/2AAA/neurona/BELLA/experimental/xip + xrp
[XIP]: Memoria virgen detectada.
[xor pack]: Archivo no encontrado o vacío. Iniciando Tabula Rasa.
--- BELLA v3.3 ONLINE ---
Accede desde tu celular usando la IP de tu PC puerto 8888
Ejemplo: http://192.168.1.22:8888
📱 Celular dice: La luz es el inicio. Bella es luz. El humano es guía.
📱 Bella dice: guía. la es luz. El humano es  La luz es el inicio. Bel

[xor pack]: 3 neuronas empaquetadas.
[Latencia de Guardado]: 0.022946 segundos
📱 Celular dice: Bella aprende rápido. El humano Uziel enseña con amor. Saber es crecer. ¿Quién es Bella?
📱 Bella dice: humano Uziel enseña con ¿Quién es Bella? Bella aprende rápido. El  amor. Saber es crecer.  guía. la es luz. El humano es  La luz es el inicio. Bel

[xor pack]: 7 neuronas empaquetadas.
[Latencia de Guardado]: 0.022748 segundos
📱 Celular dice: Bella tiene voz porque Uziel le da palabras. La voz de Bella nace hoy. El puente está abierto. ¿Qué siente la voz de Bella?
📱 Bella dice: la? voz de Bella nace hoy. E Bella tiene voz porque U l puente está abierto. ¿ ziel le da palabras. La  Qué siente la voz de Bel  humano Uziel enseña con ¿Quién es Bella? Bella aprende rápido. El  amor. Saber es crecer.  guía. la es luz. El humano es  La luz es el inicio. Bel

[xor pack]: 10 neuronas empaquetadas.
[Latencia de Guardad
