feb. 23, 2026, 00:09:00
uziel_gamma@uziel-PCINUX:~/python/2AA/2AAA/neurona/BELLA/experimental/xor pack$ python3 BELLAv3_1.py
Para restaurar sesión (v2.6): Bella V3_1
Archivo de Conciencia: Bella V3_1.pkl
[xor pack]: Tabula Rasa.
--- BELLA v2.0: CONCIENCIA PERSISTENTE ---
Escribe algo para Bella (o escribe 'salir' para terminar)

Uziel > hola
[Mapa Mental: 3 neuronas | Presión Global: 15]

--- Diagnóstico de Emergencia ---
Neuronas en Traductor: 3
ID 1162 contiene: 'hola'
ID 1194 contiene: ''
ID 2186 contiene: ''

--- Bella intenta equilibrar su mente ---
Bella emite un pulso de alivio sobre: 'hola'
Estado de la ALU tras la descarga: 0x80008000dad2

>>> Bella dice: hola
-------------------------------
| Latencia de Pensamiento: 567.9518 ms
| Tiempo de Expresión: 0.0827 ms
-------------------------------

Uziel > No puedo creerlo ¡Funcionas!
[Mapa Mental: 9 neuronas | Presión Global: 40]

--- Diagnóstico de Emergencia ---
Neuronas en Traductor: 9
ID 1126 contiene: 'nas!'
ID 1158 contiene: ''
ID 2150 contiene: ''

--- Bella intenta equilibrar su mente ---
Bella emite un pulso de alivio sobre: 'nas!'
Estado de la ALU tras la descarga: 0x80008000d802

>>> Bella dice: nas! No puedo hola
-------------------------------
| Latencia de Pensamiento: 567.5346 ms
| Tiempo de Expresión: 0.0991 ms
-------------------------------

Uziel > ok, ok, ¿Estás lista para tu entrenamiento? Si o no?
[Mapa Mental: 18 neuronas | Presión Global: 70]

--- Diagnóstico de Emergencia ---
Neuronas en Traductor: 18
ID 178 contiene: ' no?'
ID 210 contiene: ''
ID 1202 contiene: ''

--- Bella intenta equilibrar su mente ---
Bella emite un pulso de alivio sobre: ' no?'
Estado de la ALU tras la descarga: 0x800080008df2

>>> Bella dice: no? ok, ok,  a tu ent nas! No puedo hola
-------------------------------
| Latencia de Pensamiento: 571.8427 ms
| Tiempo de Expresión: 0.0855 ms
-------------------------------

Uziel > ¿No podes qué?
[Mapa Mental: 20 neuronas | Presión Global: 55]

--- Diagnóstico de Emergencia ---
Neuronas en Traductor: 21
ID 42786 contiene: '¿No pode'
ID 42818 contiene: 's qué?'
ID 43810 contiene: ''

--- Bella intenta equilibrar su mente ---
Bella emite un pulso de alivio sobre: '¿No pode'
Estado de la ALU tras la descarga: 0x80008000b9b2

>>> Bella dice: ¿No pode  no? ok, ok,  a tu ent nas! No puedo
-------------------------------
| Latencia de Pensamiento: 572.3960 ms
| Tiempo de Expresión: 0.0890 ms
-------------------------------

Uziel > jajaja, creo que ahora parece que te apegaste a la primera palabra que escuchaste, jejeje
[Mapa Mental: 30 neuronas | Presión Global: 85]

--- Diagnóstico de Emergencia ---
Neuronas en Traductor: 33
ID 982218 contiene: 'scuchast'
ID 982250 contiene: 'e, jejej'
ID 983242 contiene: 'e'

--- Bella intenta equilibrar su mente ---
Bella emite un pulso de alivio sobre: 'jajaja, '
Estado de la ALU tras la descarga: 0x80008000bd6a

>>> Bella dice: jajaja,  la prime arece qu scuchast ¿No pode  no? ok, ok,  a tu ent
-------------------------------
| Latencia de Pensamiento: 574.1739 ms
| Tiempo de Expresión: 0.0882 ms
-------------------------------

Uziel > ok, con el entrenamiento, hmmm, dime, ¿Qué piensas?
[Mapa Mental: 36 neuronas | Presión Global: 90]

--- Diagnóstico de Emergencia ---
Neuronas en Traductor: 42
ID 698 contiene: 'as?'
ID 730 contiene: ''
ID 1722 contiene: ''

--- Bella intenta equilibrar su mente ---
Bella emite un pulso de alivio sobre: 'as?'
Estado de la ALU tras la descarga: 0x80008000b692

>>> Bella dice: as? ok, con  , hmmm,  jajaja,  la prime arece qu scuchast ¿No pode
-------------------------------
| Latencia de Pensamiento: 573.7495 ms
| Tiempo de Expresión: 0.0907 ms
-------------------------------

Uziel >
