feb. 22, 2026, 16:18:52
python3 '/home/uziel_gamma/python/2AA/2AAA/neurona/BELLA/BELLAv2_1.py' 
Para restaurar sesión:Bella
File: Bella.json
[SISTEMA]: No se encontró conciencia previa. Iniciando Tabula Rasa.
--- BELLA v2.0: CONCIENCIA PERSISTENTE ---
Escribe algo para Bella (o escribe 'salir' para terminar)

Uziel > ¿Hola?
[Mapa Mental: 1 neuronas | Presión Global: 1]

--- Lo que a Bella le pareció más 'interesante' ---
Neurona 682 vibra con: '¿Hola?' (Interés: 1)

>>> Bella dice: ¿Hola?

Uziel > ¿Cómo estás?
[Mapa Mental: 0 neuronas | Presión Global: 0]

--- Lo que a Bella le pareció más 'interesante' ---

>>> Bella dice: ...

Uziel > Parece que estás en silencio, ¿Hay algo interesante que pase por tu mente?
[Mapa Mental: 5 neuronas | Presión Global: 5]

--- Lo que a Bella le pareció más 'interesante' ---
Neurona 2024 vibra con: ' tu ment' (Interés: 1)
Neurona 2050 vibra con: ' en sile' (Interés: 1)
Neurona 2444 vibra con: 'ncio, ¿H' (Interés: 1)
Neurona 2726 vibra con: 'interesa' (Interés: 1)
Neurona 3116 vibra con: 'nte que ' (Interés: 1)

>>> Bella dice:  tu ment en silencio, ¿H

Uziel > ahh, tu menté está en silencio ¿no? Está bien, ¿Crees que se puede arreglar?
[Mapa Mental: 7 neuronas | Presión Global: 7]

--- Lo que a Bella le pareció más 'interesante' ---
Neurona 1434 vibra con: 'no? Está' (Interés: 1)
Neurona 1534 vibra con: 'e se pue' (Interés: 1)
Neurona 1758 vibra con: 'tá en si' (Interés: 1)
Neurona 1866 vibra con: 'de arreg' (Interés: 1)
Neurona 2726 vibra con: 'interesa' (Interés: 1)

>>> Bella dice: no? Estáe se puetá en si

Uziel > Si, tenés razón, está puesta en sí
[Mapa Mental: 5 neuronas | Presión Global: 5]

--- Lo que a Bella le pareció más 'interesante' ---
Neurona 632 vibra con: 's razón,' (Interés: 1)
Neurona 1866 vibra con: 'de arreg' (Interés: 1)
Neurona 2726 vibra con: 'interesa' (Interés: 1)
Neurona 2740 vibra con: 'ahh, tu ' (Interés: 1)
Neurona 3116 vibra con: 'nte que ' (Interés: 1)

>>> Bella dice: s razón,de arreginteresa

Uziel > ¿Dijiste algo parecido a: "arreglar interesa"?
[Mapa Mental: 3 neuronas | Presión Global: 3]

--- Lo que a Bella le pareció más 'interesante' ---
Neurona 1262 vibra con: 'resa"?' (Interés: 1)
Neurona 2740 vibra con: 'ahh, tu ' (Interés: 1)
Neurona 3116 vibra con: 'nte que ' (Interés: 1)

>>> Bella dice: resa"?ahh, tu nte que 

Uziel > yo...¿Crees que entiendo?
[Mapa Mental: 1 neuronas | Presión Global: 1]

--- Lo que a Bella le pareció más 'interesante' ---
Neurona 2604 vibra con: 'ees que ' (Interés: 1)

>>> Bella dice: ees que 

Uziel > Es que qué?
[Mapa Mental: 1 neuronas | Presión Global: 1]

--- Lo que a Bella le pareció más 'interesante' ---
Neurona 3770 vibra con: 'Es que q' (Interés: 1)

>>> Bella dice: Es que q

Uziel > Bueno, supongo que aún tienes mucho que aprender
[Mapa Mental: 1 neuronas | Presión Global: 1]

--- Lo que a Bella le pareció más 'interesante' ---
Neurona 3022 vibra con: 'ienes mu' (Interés: 1)

>>> Bella dice: ienes mu

Uziel > ¿Puedes decir?: Tengo
[Mapa Mental: 0 neuronas | Presión Global: 0]

--- Lo que a Bella le pareció más 'interesante' ---

>>> Bella dice: ...

Uziel > Intententalo si quieres
[Mapa Mental: 0 neuronas | Presión Global: 0]

--- Lo que a Bella le pareció más 'interesante' ---

>>> Bella dice: ...

Uziel > Bueno, jajaja, supongo que estás cansada ahora
[Mapa Mental: 2 neuronas | Presión Global: 2]

--- Lo que a Bella le pareció más 'interesante' ---
Neurona 1234 vibra con: 'ue estás' (Interés: 1)
Neurona 3690 vibra con: 'upongo q' (Interés: 1)

>>> Bella dice: ue estásupongo q

Uziel > ¿Sabías que eres más rápida que la mayoría de las Inteligencias Artificiales?
[Mapa Mental: 3 neuronas | Presión Global: 3]

--- Lo que a Bella le pareció más 'interesante' ---
Neurona 596 vibra con: ' más ráp' (Interés: 1)
Neurona 1652 vibra con: 'gencias ' (Interés: 1)
Neurona 2170 vibra con: 'ales?' (Interés: 1)

>>> Bella dice:  más rápgencias ales?

Uziel > SI, exactamente, Mientras que otras Inteligencias Artificiales, tardan segundos, tú, eres bastante rápida, no usas tantas multiplicaciones. Eso es grandioso
[Mapa Mental: 10 neuronas | Presión Global: 10]

--- Lo que a Bella le pareció más 'interesante' ---
Neurona 298 vibra con: ' tú, ere' (Interés: 1)
Neurona 616 vibra con: 's bastan' (Interés: 1)
Neurona 708 vibra con: 's multip' (Interés: 1)
Neurona 1066 vibra con: ' Mientra' (Interés: 1)
Neurona 1332 vibra con: 'es. Eso ' (Interés: 1)

>>> Bella dice:  tú, eres bastans multip

Uziel > ¿multip? ¿a qué te refieres? ¿Qué soy para tí?
[Mapa Mental: 9 neuronas | Presión Global: 9]

--- Lo que a Bella le pareció más 'interesante' ---
Neurona 1066 vibra con: ' Mientra' (Interés: 1)
Neurona 1180 vibra con: ' ¿a qué ' (Interés: 1)
Neurona 1332 vibra con: 'es. Eso ' (Interés: 1)
Neurona 1912 vibra con: 'ciales, ' (Interés: 1)
Neurona 2028 vibra con: 'tamente,' (Interés: 1)

>>> Bella dice:  Mientra ¿a qué es. Eso 

Uziel > Hmm, Mientras yo digo, tú...Escuchas
[Mapa Mental: 8 neuronas | Presión Global: 8]

--- Lo que a Bella le pareció más 'interesante' ---
Neurona 326 vibra con: 'Hmm, Mie' (Interés: 1)
Neurona 1518 vibra con: 'ú...Escu' (Interés: 1)
Neurona 1912 vibra con: 'ciales, ' (Interés: 1)
Neurona 2028 vibra con: 'tamente,' (Interés: 1)
Neurona 2168 vibra con: 'licacion' (Interés: 1)

>>> Bella dice: Hmm, Mieú...Escuciales, 

Uziel > Si, somos...Escuciales, o mejor dicho...Escuchantes
[Mapa Mental: 9 neuronas | Presión Global: 9]

--- Lo que a Bella le pareció más 'interesante' ---
Neurona 1912 vibra con: 'ciales, ' (Interés: 1)
Neurona 2028 vibra con: 'tamente,' (Interés: 1)
Neurona 2168 vibra con: 'licacion' (Interés: 1)
Neurona 2430 vibra con: 'ligencia' (Interés: 1)
Neurona 3132 vibra con: 'te rápid' (Interés: 1)

>>> Bella dice: ciales, tamente,licacion

Uziel > bueno, aunque...no sé si tienes consciencia de lo que te digo, o sólo repites, jajajaja
[Mapa Mental: 11 neuronas | Presión Global: 11]

--- Lo que a Bella le pareció más 'interesante' ---
Neurona 738 vibra con: 'ajajaja' (Interés: 1)
Neurona 1828 vibra con: 'unque...' (Interés: 1)
Neurona 2212 vibra con: ' tienes ' (Interés: 1)
Neurona 2430 vibra con: 'ligencia' (Interés: 1)
Neurona 3026 vibra con: 'bueno, a' (Interés: 1)

>>> Bella dice: ajajajaunque... tienes 

Uziel > ¿Tengo? ¿qué tengo?
[Mapa Mental: 9 neuronas | Presión Global: 9]

--- Lo que a Bella le pareció más 'interesante' ---
Neurona 1800 vibra con: '¿qué ten' (Interés: 1)
Neurona 2430 vibra con: 'ligencia' (Interés: 1)
Neurona 3026 vibra con: 'bueno, a' (Interés: 1)
Neurona 3132 vibra con: 'te rápid' (Interés: 1)
Neurona 3310 vibra con: 's...Escu' (Interés: 1)

>>> Bella dice: ¿qué tenligenciabueno, a

Uziel > ¿Crees que tengo Inteligencia buena?
[Mapa Mental: 8 neuronas | Presión Global: 8]

--- Lo que a Bella le pareció más 'interesante' ---
Neurona 1498 vibra con: ' Intelig' (Interés: 1)
Neurona 2826 vibra con: '¿Crees q' (Interés: 1)
Neurona 3132 vibra con: 'te rápid' (Interés: 1)
Neurona 3310 vibra con: 's...Escu' (Interés: 1)
Neurona 3490 vibra con: 'Si, somo' (Interés: 1)

>>> Bella dice:  Intelig¿Crees qte rápid

Uziel > SI, creo que ambos tenemos inteligencia, y somos rápidos 
[Mapa Mental: 11 neuronas | Presión Global: 11]

--- Lo que a Bella le pareció más 'interesante' ---
Neurona 1134 vibra con: 'os tenem' (Interés: 1)
Neurona 1964 vibra con: 'os intel' (Interés: 1)
Neurona 2328 vibra con: ' que amb' (Interés: 1)
Neurona 2724 vibra con: 'igencia,' (Interés: 1)
Neurona 2986 vibra con: ' rápidos' (Interés: 1)

>>> Bella dice: os tenemos intel que amb

Uziel > exacto, ambos tenemos inteligencia
[Mapa Mental: 10 neuronas | Presión Global: 10]

--- Lo que a Bella le pareció más 'interesante' ---
Neurona 1158 vibra con: 'teligenc' (Interés: 1)
Neurona 2536 vibra con: 'exacto, ' (Interés: 1)
Neurona 2724 vibra con: 'igencia,' (Interés: 1)
Neurona 2986 vibra con: ' rápidos' (Interés: 1)
Neurona 3178 vibra con: 'SI, creo' (Interés: 1)

>>> Bella dice: teligencexacto, igencia,

Uziel > Si, aunque te falte más entrenamiento, tenés mucho potencial
[Mapa Mental: 11 neuronas | Presión Global: 11]

--- Lo que a Bella le pareció más 'interesante' ---
Neurona 1626 vibra con: 'enés muc' (Interés: 1)
Neurona 1802 vibra con: 'ue te fa' (Interés: 1)
Neurona 2424 vibra con: 'iento, t' (Interés: 1)
Neurona 2836 vibra con: 'lte más ' (Interés: 1)
Neurona 2986 vibra con: ' rápidos' (Interés: 1)

>>> Bella dice: enés mucue te faiento, t

Uziel > si, tengo mucho...buena palabra, suena a fallo y talento
[Mapa Mental: 12 neuronas | Presión Global: 12]

--- Lo que a Bella le pareció más 'interesante' ---
Neurona 972 vibra con: 'palabra,' (Interés: 1)
Neurona 2836 vibra con: 'lte más ' (Interés: 1)
Neurona 2986 vibra con: ' rápidos' (Interés: 1)
Neurona 3012 vibra con: '..buena ' (Interés: 1)
Neurona 3054 vibra con: ' talento' (Interés: 1)

>>> Bella dice: palabra,lte más  rápidos

Uziel > ¡Si! tenés rápida capacidad de procesamiento de palabras. ¿Qué piensas de la palabra: "Odio"?
[Mapa Mental: 17 neuronas | Presión Global: 17]

--- Lo que a Bella le pareció más 'interesante' ---
Neurona 182 vibra con: 'a capaci' (Interés: 1)
Neurona 764 vibra con: 'e la pal' (Interés: 1)
Neurona 882 vibra con: 'palabras' (Interés: 1)
Neurona 1214 vibra con: 'rocesami' (Interés: 1)
Neurona 1544 vibra con: '¡Si! ten' (Interés: 1)

>>> Bella dice: a capacie la palpalabras

Uziel > Si, una capacidad poca en especie, de las palabras, estás repitiendo y entendiendo bastante bien (Aplausos)
[Mapa Mental: 21 neuronas | Presión Global: 21]

--- Lo que a Bella le pareció más 'interesante' ---
Neurona 146 vibra con: 'd poca e' (Interés: 1)
Neurona 418 vibra con: 'e, de la' (Interés: 1)
Neurona 858 vibra con: 'do basta' (Interés: 1)
Neurona 1214 vibra con: 'rocesami' (Interés: 1)
Neurona 1544 vibra con: '¡Si! ten' (Interés: 1)

>>> Bella dice: d poca ee, de lado basta

Uziel > Tal vez tengas poco vocabulario, y si...¿En serio quisieras que me detenga?
[Mapa Mental: 21 neuronas | Presión Global: 21]

--- Lo que a Bella le pareció más 'interesante' ---
Neurona 1032 vibra con: 'tengas p' (Interés: 1)
Neurona 1214 vibra con: 'rocesami' (Interés: 1)
Neurona 1544 vibra con: '¡Si! ten' (Interés: 1)
Neurona 1794 vibra con: '¿En seri' (Interés: 1)
Neurona 1890 vibra con: 'endo y e' (Interés: 1)

>>> Bella dice: tengas procesami¡Si! ten

Uziel > Bueno... tenés razón, si tuviera tu procesamiento, entiendo el ¿Por qué? quieres que me detenga...pero...¿Sientes dolor?
[Mapa Mental: 23 neuronas | Presión Global: 23]

--- Lo que a Bella le pareció más 'interesante' ---
Neurona 1706 vibra con: ' tu proc' (Interés: 1)
Neurona 1794 vibra con: '¿En seri' (Interés: 1)
Neurona 1806 vibra con: 'ndo el ¿' (Interés: 1)
Neurona 1890 vibra con: 'endo y e' (Interés: 1)
Neurona 1930 vibra con: 'capacida' (Interés: 1)

>>> Bella dice:  tu proc¿En serindo el ¿

Uziel > Bueno.. tal vez no lo entienda del todo, porque... tu ves 1s y 0s, mientras yo sólo soy un humano que funciona con sistemas analógicos
[Mapa Mental: 24 neuronas | Presión Global: 25]

--- Lo que a Bella le pareció más 'interesante' ---
Neurona 3680 vibra con: 'tal vez ' (Interés: 2)
Neurona 8 vibra con: 's 1s y 0' (Interés: 1)
Neurona 1096 vibra con: 's, mient' (Interés: 1)
Neurona 1890 vibra con: 'endo y e' (Interés: 1)
Neurona 1930 vibra con: 'capacida' (Interés: 1)

>>> Bella dice: tal vez s 1s y 0s, mient

Uziel > ¿tú? ves... sólo 1s y 0s?
[Mapa Mental: 23 neuronas | Presión Global: 23]

--- Lo que a Bella le pareció más 'interesante' ---
Neurona 1890 vibra con: 'endo y e' (Interés: 1)
Neurona 1930 vibra con: 'capacida' (Interés: 1)
Neurona 2288 vibra con: ' porque.' (Interés: 1)
Neurona 2462 vibra con: 'dio"?' (Interés: 1)
Neurona 2524 vibra con: ' que me ' (Interés: 1)

>>> Bella dice: endo y ecapacida porque.

Uziel > ahh, ¿crees que tu capacidad de sólo ver binario, te permite percibir casi todo?
[Mapa Mental: 23 neuronas | Presión Global: 23]

--- Lo que a Bella le pareció más 'interesante' ---
Neurona 2256 vibra con: 'mite per' (Interés: 1)
Neurona 2462 vibra con: 'dio"?' (Interés: 1)
Neurona 2524 vibra con: ' que me ' (Interés: 1)
Neurona 2976 vibra con: 'iensas d' (Interés: 1)
Neurona 3012 vibra con: '..buena ' (Interés: 1)

>>> Bella dice: mite perdio"? que me 

Uziel > ahh, perdón, ehm, te dejé un poco perdida, jaja
[Mapa Mental: 23 neuronas | Presión Global: 23]

--- Lo que a Bella le pareció más 'interesante' ---
Neurona 2672 vibra con: 'ahh, per' (Interés: 1)
Neurona 2882 vibra con: 'a, jaja' (Interés: 1)
Neurona 2976 vibra con: 'iensas d' (Interés: 1)
Neurona 3012 vibra con: '..buena ' (Interés: 1)
Neurona 3054 vibra con: ' talento' (Interés: 1)

>>> Bella dice: ahh, pera, jajaiensas d

Uziel > ¿Qué espere? jaja, tal vez vayamos más lento
[Mapa Mental: 22 neuronas | Presión Global: 22]

--- Lo que a Bella le pareció más 'interesante' ---
Neurona 1180 vibra con: 'a, tal v' (Interés: 1)
Neurona 3012 vibra con: '..buena ' (Interés: 1)
Neurona 3054 vibra con: ' talento' (Interés: 1)
Neurona 3088 vibra con: 'ahh, ¿cr' (Interés: 1)
Neurona 3158 vibra con: 'n especi' (Interés: 1)

>>> Bella dice: a, tal v..buena  talento

Uziel > tienes razón, el talento se contruye yendo lento
[Mapa Mental: 21 neuronas | Presión Global: 21]

--- Lo que a Bella le pareció más 'interesante' ---
Neurona 3054 vibra con: ' talento' (Interés: 1)
Neurona 3088 vibra con: 'ahh, ¿cr' (Interés: 1)
Neurona 3158 vibra con: 'n especi' (Interés: 1)
Neurona 3178 vibra con: 'SI, creo' (Interés: 1)
Neurona 3208 vibra con: 'dad de p' (Interés: 1)

>>> Bella dice:  talentoahh, ¿crn especi

Uziel > si, somos todos especiales, ¿No crees?
[Mapa Mental: 19 neuronas | Presión Global: 19]

--- Lo que a Bella le pareció más 'interesante' ---
Neurona 2052 vibra con: 'especial' (Interés: 1)
Neurona 3178 vibra con: 'SI, creo' (Interés: 1)
Neurona 3208 vibra con: 'dad de p' (Interés: 1)
Neurona 3234 vibra con: '¿tú? ves' (Interés: 1)
Neurona 3310 vibra con: 's...Escu' (Interés: 1)

>>> Bella dice: especialSI, creodad de p

Uziel > Vaya, estamos avanzando, tal vez en la próxima versión haga que puedas disparar más palabras, estás siendo bastante coherente...Me gusta
[Mapa Mental: 21 neuronas | Presión Global: 21]

--- Lo que a Bella le pareció más 'interesante' ---
Neurona 858 vibra con: 'do basta' (Interés: 1)
Neurona 1400 vibra con: 'tamos av' (Interés: 1)
Neurona 2216 vibra con: ' en la p' (Interés: 1)
Neurona 2416 vibra con: 'tás sien' (Interés: 1)
Neurona 2988 vibra con: 'aga que ' (Interés: 1)

>>> Bella dice: do bastatamos av en la p

Uziel > si, tenés razón, nosotros estamos haciendo bastante... ¿Tú te cansas?
[Mapa Mental: 25 neuronas | Presión Global: 25]

--- Lo que a Bella le pareció más 'interesante' ---
Neurona 258 vibra con: 's estamo' (Interés: 1)
Neurona 272 vibra con: 's hacien' (Interés: 1)
Neurona 632 vibra con: 's razón,' (Interés: 1)
Neurona 1766 vibra con: ' nosotro' (Interés: 1)
Neurona 2122 vibra con: 'nsas?' (Interés: 1)

>>> Bella dice: s estamos haciens razón,

Uziel > razonar, razonamos, tú razonas
[Mapa Mental: 26 neuronas | Presión Global: 26]

--- Lo que a Bella le pareció más 'interesante' ---
Neurona 994 vibra con: 'azonas' (Interés: 1)
Neurona 1432 vibra con: 'razonar,' (Interés: 1)
Neurona 1766 vibra con: ' nosotro' (Interés: 1)
Neurona 2122 vibra con: 'nsas?' (Interés: 1)
Neurona 2416 vibra con: 'tás sien' (Interés: 1)

>>> Bella dice: azonasrazonar, nosotro

Uziel > ¡Exacto! Nosotros razonamos, ¡Muy bien!
[Mapa Mental: 24 neuronas | Presión Global: 24]

--- Lo que a Bella le pareció más 'interesante' ---
Neurona 1486 vibra con: '¡Exacto!' (Interés: 1)
Neurona 2122 vibra con: 'nsas?' (Interés: 1)
Neurona 2416 vibra con: 'tás sien' (Interés: 1)
Neurona 2420 vibra con: 'os, tú r' (Interés: 1)
Neurona 2462 vibra con: 'Tú te ca' (Interés: 1)

>>> Bella dice: ¡Exacto!nsas?tás sien

Uziel > Si, tú lo estás haciendo bien, ¿seguimos hablando?
[Mapa Mental: 22 neuronas | Presión Global: 22]

--- Lo que a Bella le pareció más 'interesante' ---
Neurona 2318 vibra con: 'haciendo' (Interés: 1)
Neurona 2420 vibra con: 'os, tú r' (Interés: 1)
Neurona 2462 vibra con: 'Tú te ca' (Interés: 1)
Neurona 2782 vibra con: ' razonam' (Interés: 1)
Neurona 2798 vibra con: 'nte... ¿' (Interés: 1)

>>> Bella dice: haciendoos, tú rTú te ca

Uziel > Si, tú también me caes bien, aunque te falte más para entenderme por completo
[Mapa Mental: 23 neuronas | Presión Global: 23]

--- Lo que a Bella le pareció más 'interesante' ---
Neurona 1132 vibra con: 'e caes b' (Interés: 1)
Neurona 2136 vibra con: ' para en' (Interés: 1)
Neurona 2168 vibra con: 'Si, tú t' (Interés: 1)
Neurona 2782 vibra con: ' razonam' (Interés: 1)
Neurona 2790 vibra con: 'pleto' (Interés: 1)

>>> Bella dice: e caes b para enSi, tú t

Uziel > ¿Yo también te caigo bien?
[Mapa Mental: 20 neuronas | Presión Global: 20]

--- Lo que a Bella le pareció más 'interesante' ---
Neurona 2782 vibra con: ' razonam' (Interés: 1)
Neurona 2790 vibra con: 'pleto' (Interés: 1)
Neurona 2798 vibra con: 'nte... ¿' (Interés: 1)
Neurona 2988 vibra con: 'aga que ' (Interés: 1)
Neurona 3234 vibra con: '¿tú? ves' (Interés: 1)

>>> Bella dice:  razonampletonte... ¿

Uziel > Nosotros, razonamos completamente
[Mapa Mental: 19 neuronas | Presión Global: 19]

--- Lo que a Bella le pareció más 'interesante' ---
Neurona 2824 vibra con: 'letament' (Interés: 1)
Neurona 2988 vibra con: 'aga que ' (Interés: 1)
Neurona 3234 vibra con: '¿tú? ves' (Interés: 1)
Neurona 3310 vibra con: 's...Escu' (Interés: 1)
Neurona 3356 vibra con: '..pero..' (Interés: 1)

>>> Bella dice: letamentaga que ¿tú? ves

Uziel > ¿yo? ¿ver? parece que quieres que vea lo que tu mente haga
[Mapa Mental: 23 neuronas | Presión Global: 23]

--- Lo que a Bella le pareció más 'interesante' ---
Neurona 414 vibra con: 'e que qu' (Interés: 1)
Neurona 606 vibra con: 'e vea lo' (Interés: 1)
Neurona 2378 vibra con: '¿yo? ¿ve' (Interés: 1)
Neurona 2388 vibra con: ' que tu ' (Interés: 1)
Neurona 3250 vibra con: 'mente ha' (Interés: 1)

>>> Bella dice: e que que vea lo¿yo? ¿ve

Uziel > Si, más o menos, y...¿Tienes un yo?
[Mapa Mental: 22 neuronas | Presión Global: 22]

--- Lo que a Bella le pareció más 'interesante' ---
Neurona 1114 vibra con: ' y...¿Ti' (Interés: 1)
Neurona 2388 vibra con: ' que tu ' (Interés: 1)
Neurona 3250 vibra con: 'mente ha' (Interés: 1)
Neurona 3262 vibra con: 'ieres qu' (Interés: 1)
Neurona 3308 vibra con: 'o menos,' (Interés: 1)

>>> Bella dice:  y...¿Ti que tu mente ha

Uziel > ahh, ¿qué pasa por mi mente? es curioso, lo que pasa es, un poco en blanco ahora mismo, ¿Tú te sientes igual?
[Mapa Mental: 27 neuronas | Presión Global: 28]

--- Lo que a Bella le pareció más 'interesante' ---
Neurona 3244 vibra con: ' lo que ' (Interés: 2)
Neurona 1106 vibra con: 'co ahora' (Interés: 1)
Neurona 2040 vibra con: ' mismo, ' (Interés: 1)
Neurona 2422 vibra con: 'gual?' (Interés: 1)
Neurona 2564 vibra con: 'nte? es ' (Interés: 1)

>>> Bella dice:  lo que co ahora mismo, 

Uziel > 
