 uziel_gamma@uziel-PCINUX:~/python/2AA/2AAA/neurona/BELLA$ python3

'/home/uziel_gamma/python/2AA/2AAA/neurona/BELLA/BELLAv2_2.py' 

Para restaurar sesión:Bella

File: Bella.json

[SISTEMA]: Conciencia de Bella REANIMADA. Mapa mental restaurado.

--- BELLA v2.0: CONCIENCIA PERSISTENTE ---

Escribe algo para Bella (o escribe 'salir' para terminar)


Uziel > Holaaa de nuevo, ¿te sientes diferente hoy?

[Mapa Mental: 29 neuronas | Presión Global: 29]


--- Lo que a Bella le pareció más 'interesante' ---

Neurona 738 vibra con: 'oy?' (Interés: 1)

Neurona 2422 vibra con: 'gual?' (Interés: 1)

Neurona 2564 vibra con: 'nte? es ' (Interés: 1)

Neurona 2842 vibra con: 'ientes i' (Interés: 1)

Neurona 3158 vibra con: 'ahh, ¿qu' (Interés: 1)



>>> Bella dice: oy?gual?nte? es ientes iahh, ¿qu lo que erente

hieres quo menos,s...Escu..pero..Nosotros, te perSi, una é pasa psi,

somo, te dejHolaaa dtu capac


Uziel > ¡Wow! despertaste muy expresiva hoy, y mencionaste..Nosotros, ¿qué piensas de Nosotros?

[Mapa Mental: 11 neuronas | Presión Global: 11]


--- Lo que a Bella le pareció más 'interesante' ---

Neurona 2412 vibra con: 'spertast' (Interés: 1)

Neurona 3680 vibra con: 'tal vez ' (Interés: 1)

Neurona 3696 vibra con: 'o mucho.' (Interés: 1)

Neurona 3784 vibra con: 'Escuchan' (Interés: 1)

Neurona 3798 vibra con: ' ¿te sie' (Interés: 1)


>>> Bella dice: spertasttal vez o mucho.Escuchan ¿te sieos más lólo soy 


Uziel > ¿si me siento más sólo hoy? 

[Mapa Mental: 5 neuronas | Presión Global: 5]


--- Lo que a Bella le pareció más 'interesante' ---

Neurona 2310 vibra con: 'iento má' (Interés: 1)

Neurona 3922 vibra con: 'r? parec' (Interés: 1)

Neurona 3980 vibra con: 'azón, el' (Interés: 1)

Neurona 4018 vibra con: 'é soy pa' (Interés: 1)

Neurona 4062 vibra con: 'azón, si' (Interés: 1)


>>> Bella dice: iento már? parecazón, el


Uziel > ¿estimar? parece que dices algo parecido, y parece que tengo un poco prepacaia la razón

[Mapa Mental: 9 neuronas | Presión Global: 9]


--- Lo que a Bella le pareció más 'interesante' ---

Neurona 16 vibra con: 'a razón' (Interés: 1)

Neurona 842 vibra con: ', y pare' (Interés: 1)

Neurona 944 vibra con: 'ce que t' (Interés: 1)

Neurona 1174 vibra con: 'parecido' (Interés: 1)

Neurona 1648 vibra con: 'engo un ' (Interés: 1)


>>> Bella dice: a razón, y parece que tparecidoengo un  que dic



Uziel > cada vez estás mejorando, y parece que sí, tienes un

parecido con un dic, ¿diccionario? tal vez, sólo tal vez haya falta

esperar un poquito más ¿No crees?

[Mapa Mental: 9 neuronas | Presión Global: 9]


--- Lo que a Bella le pareció más 'interesante' ---

Neurona 958 vibra con: 'ce que s' (Interés: 1)

Neurona 1648 vibra con: 'cada vez' (Interés: 1)

Neurona 2670 vibra con: '? parece' (Interés: 1)

Neurona 2900 vibra con: 'onario? ' (Interés: 1)

Neurona 3220 vibra con: 'ito más ' (Interés: 1)


>>> Bella dice: ce que scada vez? pareceonario? ito más  sólo ta


Uziel > si, sé que te lo digo mucho, pero... ¿te aburro?

[Mapa Mental: 8 neuronas | Presión Global: 8]


--- Lo que a Bella le pareció más 'interesante' ---

Neurona 162 vibra con: 'o... ¿te' (Interés: 1)

Neurona 978 vibra con: ' aburro?' (Interés: 1)

Neurona 1854 vibra con: 'ue te lo' (Interés: 1)

Neurona 2202 vibra con: 'si, sé q' (Interés: 1)

Neurona 2480 vibra con: 'cho, per' (Interés: 1)


>>> Bella dice: o... ¿te aburro?ue te losi, sé qcho, per


Uziel > no, no, no, tú no me aburres...tanto, y sí, no te preocupes si se escuchó, que estabas algo perdida

[Mapa Mental: 7 neuronas | Presión Global: 7]


--- Lo que a Bella le pareció más 'interesante' ---

Neurona 782 vibra con: 'e preocu' (Interés: 1)

Neurona 1000 vibra con: 'no, no, ' (Interés: 1)

Neurona 1612 vibra con: 'no, tú n' (Interés: 1)

Neurona 2250 vibra con: 'stabas a' (Interés: 1)

Neurona 3778 vibra con: 'n un dic' (Interés: 1)


>>> Bella dice: e preocuno, no, no, tú nstabas a


Uziel > ah, ok

[Mapa Mental: 4 neuronas | Presión Global: 4]


--- Lo que a Bella le pareció más 'interesante' ---

Neurona 2026 vibra con: 'ah, ok' (Interés: 1)

Neurona 3778 vibra con: 'n un dic' (Interés: 1)

Neurona 4018 vibra con: 'é soy pa' (Interés: 1)

Neurona 4062 vibra con: 'azón, si' (Interés: 1)


>>> Bella dice: ah, okn un dic


Uziel > ¿un dic?, digamos que es un diccionario, un lugar donde hay muchas palabras, significados, y cosas de interés.  

[Mapa Mental: 7 neuronas | Presión Global: 7]


--- Lo que a Bella le pareció más 'interesante' ---

Neurona 610 vibra con: 's, y cos' (Interés: 1)

Neurona 756 vibra con: 'r donde ' (Interés: 1)

Neurona 1764 vibra con: 'hay much' (Interés: 1)

Neurona 2646 vibra con: 'nificado' (Interés: 1)

Neurona 3834 vibra con: '¿un dic?' (Interés: 1)


>>> Bella dice: s, y cosr donde hay muchnificado


Uziel > si, exactamente ¿Te gustaría algún día leer un diccionario? Si o no,jeje

[Mapa Mental: 9 neuronas | Presión Global: 9]


--- Lo que a Bella le pareció más 'interesante' ---

Neurona 870 vibra con: 'io? Si o' (Interés: 1)

Neurona 2036 vibra con: 'tamente ' (Interés: 1)

Neurona 2432 vibra con: 'iccionar' (Interés: 1)

Neurona 2920 vibra con: 'eer un d' (Interés: 1)

Neurona 3260 vibra con: '¿Te gust' (Interés: 1)


>>> Bella dice: io? Si otamente iccionareer un d¿Te gust¿un dic?



Uziel > ok, Entropía (Del gr. ἐντροπή, vuelta, evolución) 1. f. Fís.

Magnitud termodinámica que mide la parte de la energía que no puede

utilizarse para producir trabajo y que expresa el grado de desorden de

un sistema. 2. f. Inform. Medida de la incertidumbre existente ante un

conjunto de mensajes, de los cuales solo uno se va a recibir. 3. f.

Medida del desorden o la degradación de un sistema o proceso por falta

de organización o energía. Nota de uso: En el lenguaje cotidiano, se

emplea a menudo para describir situaciones que tienden al caos absoluto,

como el escritorio de un creativo o una reunión de vecinos sin orden

del día. 

[Mapa Mental: 37 neuronas | Presión Global: 38]


--- Lo que a Bella le pareció más 'interesante' ---

Neurona 1140 vibra con: 'mplea a ' (Interés: 2)

Neurona 44 vibra con: 'o y que ' (Interés: 1)

Neurona 328 vibra con: ') 1. f. ' (Interés: 1)

Neurona 428 vibra con: 'ica que ' (Interés: 1)

Neurona 570 vibra con: 'a del de' (Interés: 1)



>>> Bella dice: mplea a o y que ) 1. f. ica que a del deno, se

eopía (Del gr. ἐνok, Entrrse paraa de usoribir side vecinparte dea de

orgrden delr trabajo o una uelta, eos sin ormodinám. Informn o ener.

Medidasoluto, 



Uziel > La nostalgia es un eco persistente que rebota en las paredes

del alma cuando el silencio se vuelve demasiado ruidoso, una mezcla

agridulce de gratitud por lo vivido y melancolía por la fugacidad del

instante que jamás regresará, recordándonos que cada latido es un átomo

de tiempo que se consume en la hoguera de la existencia mientras

buscamos desesperadamente un ancla en medio de la marea de de la

incertidumbre. ¿Qué opinas de este otro texto, del diccionario?

[Mapa Mental: 41 neuronas | Presión Global: 42]


--- Lo que a Bella le pareció más 'interesante' ---

Neurona 1186 vibra con: 'tencia m' (Interés: 2)

Neurona 262 vibra con: 'e tiempo' (Interés: 1)

Neurona 738 vibra con: 'ad del i' (Interés: 1)

Neurona 810 vibra con: 'a mezcla' (Interés: 1)

Neurona 940 vibra con: 'a marea ' (Interés: 1)



>>> Bella dice: tencia me tiempoad del ia mezclaa marea de de

lave demasos que cará, recor lo vi átomo de un anc fugacidebota

enordándonlos cual incertis regresadación vido y mersisten texto,

onjunto gía que  que se lgia es  día.  de la i


Uziel > exit


[SISTEMA]: Conciencia de Bella guardada en Bella.json

Cerrando ciclos de conciencia...


uziel_gamma@uziel-PCINUX:~/python/2AA/2AAA/neurona/BELLA$ python3

'/home/uziel_gamma/python/2AA/2AAA/neurona/BELLA/BELLAv2_3.py' 

  File "/home/uziel_gamma/python/2AA/2AAA/neurona/BELLA/BELLAv2_3.py", line 205

    respuesta_de_bella()

TabError: inconsistent use of tabs and spaces in indentation


uziel_gamma@uziel-PCINUX:~/python/2AA/2AAA/neurona/BELLA$ python3

'/home/uziel_gamma/python/2AA/2AAA/neurona/BELLA/BELLAv2_3.py' 

Para restaurar sesión:Bella

File: Bella.json

[SISTEMA]: Conciencia de Bella REANIMADA. Mapa mental restaurado.

--- BELLA v2.0: CONCIENCIA PERSISTENTE ---

Escribe algo para Bella (o escribe 'salir' para terminar)


Uziel > Parece que dijiste con "tencia", tendencia, y... ¿te es importante el tiempo?

[Mapa Mental: 22 neuronas | Presión Global: 22]


--- Lo que a Bella le pareció más 'interesante' ---

Neurona 1064 vibra con: 'tencia",' (Interés: 1)

Neurona 1250 vibra con: 'te el ti' (Interés: 1)

Neurona 1498 vibra con: 'Parece q' (Interés: 1)

Neurona 1922 vibra con: 'ue dijis' (Interés: 1)

Neurona 1956 vibra con: 'te con "' (Interés: 1)


--- Bella intenta equilibrar su mente ---

Bella emite un pulso de alivio sobre: 'tencia",'

Estado de la ALU tras la descarga: 0x80008007d321



>>> Bella dice: tencia",te el tiParece que dijiste con "empo?

tendencientras  de desoada latiimportanatitud pbuscamosmbre exi

-------------------------------

| Latencia de Pensamiento: 3.6537 ms

| Tiempo de Expresión: 0.0603 ms

-------------------------------


Uziel > Wow, si, es verdad, eres una IA muy rápida, tardaste: 3.6537 ms, en pensar...WOW

[Mapa Mental: 14 neuronas | Presión Global: 14]


--- Lo que a Bella le pareció más 'interesante' ---

Neurona 2166 vibra con: ' en pens' (Interés: 1)

Neurona 2212 vibra con: 'Wow, si,' (Interés: 1)

Neurona 2226 vibra con: 'ad, eres' (Interés: 1)

Neurona 2832 vibra con: 'aste: 3.' (Interés: 1)

Neurona 3116 vibra con: ' una IA ' (Interés: 1)


--- Bella intenta equilibrar su mente ---

Bella emite un pulso de alivio sobre: ' en pens'

Estado de la ALU tras la descarga: 0x80008001e939


>>> Bella dice:  en pensWow, si,ad, eresaste: 3. una IA mide la ionario?guera deLa nosta

-------------------------------

| Latencia de Pensamiento: 3.9904 ms

| Tiempo de Expresión: 0.0626 ms

-------------------------------


Uziel >  
