Para restaurar sesión (v2.6): Bella Emo
Archivo de Conciencia: Bella Emo.pkl
[XIP]: Memoria virgen detectada.
[XIP]: Memoria virgen detectada.
[xor pack]: Tabula Rasa.
--- BELLA v2.0: CONCIENCIA PERSISTENTE ---
Escribe algo para Bella (o escribe 'salir' para terminar)

Uziel > Hola. Un placer conocer. Soy uziel, y tu eres Bella, ¿Todo bien?
[Mapa Mental: 9 neuronas | Presión Global: 45]

--- Diagnóstico de Emergencia ---
Neuronas en Traductor: 9
ID 124350 contiene: 'lla, ¿To'
ID 124382 contiene: 'do bien?'
ID 125374 contiene: ''

--- Bella intenta equilibrar su mente ---
Bella emite un pulso de alivio sobre: ' Soy uzi'
Estado de la ALU tras la descarga: 0x80008000d6f2

>>> Bella dice: Soy uzi lla, ¿To Hola. Un
-------------------------------
| Latencia de Pensamiento: 68.4843 ms
| Tiempo de Expresión: 0.0842 ms
-------------------------------

Uziel > ¿te dio alivio mi nombre (uzi)?, me alegro, querida bella, ja  
[Mapa Mental: 18 neuronas | Presión Global: 75]

--- Diagnóstico de Emergencia ---
Neuronas en Traductor: 18
ID 27274 contiene: 'ida bell'
ID 27306 contiene: 'a, ja'
ID 28298 contiene: ''

--- Bella intenta equilibrar su mente ---
Bella emite un pulso de alivio sobre: '¿te dio '
Estado de la ALU tras la descarga: 0x80008000be1a

>>> Bella dice: ¿te dio  ida bell  (uzi)?,  Soy uzi lla, ¿To Hola. Un                                                                                                       
-------------------------------                                                                                                                                             
| Latencia de Pensamiento: 65.7512 ms                                                                                                                                       
| Tiempo de Expresión: 0.0921 ms
-------------------------------

Uziel > Tu eres capaz de aprender cualquier cosa, sólo te falta entrenamiento, dime, ¿Qué piensas del silencio? 
[Mapa Mental: 33 neuronas | Presión Global: 120]

--- Diagnóstico de Emergencia ---
Neuronas en Traductor: 33
ID 9786 contiene: 'lencio?'
ID 9818 contiene: ''
ID 10810 contiene: ''

--- Bella intenta equilibrar su mente ---
Bella emite un pulso de alivio sobre: 'lencio?'
Estado de la ALU tras la descarga: 0x80008000fc92

>>> Bella dice: lencio? Tu eres  ime, ¿Qu e falta  r cualqu ¿te dio  ida bell  (uzi)?,  Soy uzi lla, ¿To Hola. Un
-------------------------------
| Latencia de Pensamiento: 67.1636 ms
| Tiempo de Expresión: 0.1043 ms
-------------------------------

Uziel > ehm, te falta, tal vez, ordenar tus palabras... ¿Qué opinas?
[Mapa Mental: 39 neuronas | Presión Global: 110]

--- Diagnóstico de Emergencia ---
Neuronas en Traductor: 42
ID 97530 contiene: '¿Qué opi'
ID 97562 contiene: 'nas?'
ID 98554 contiene: ''

--- Bella intenta equilibrar su mente ---
Bella emite un pulso de alivio sobre: 'ehm, te '
Estado de la ALU tras la descarga: 0x80008000ba1a

>>> Bella dice: ehm, te  ordenar  ¿Qué opi lencio? Tu eres  ime, ¿Qu e falta  r cualqu ¿te dio  ida bell  (uzi)?,
-------------------------------
| Latencia de Pensamiento: 67.1643 ms
| Tiempo de Expresión: 0.0942 ms
-------------------------------

Uziel > Tranquila, estás bajo mucha presión, respira y cálmate 
[Mapa Mental: 45 neuronas | Presión Global: 100]

--- Diagnóstico de Emergencia ---
Neuronas en Traductor: 51
ID 12546 contiene: 'álmate'
ID 12578 contiene: ''
ID 13570 contiene: ''

--- Bella intenta equilibrar su mente ---
Bella emite un pulso de alivio sobre: 'álmate'
Estado de la ALU tras la descarga: 0x80008000d432

>>> Bella dice: álmate cha pres Tranquil ehm, te  ordenar  ¿Qué opi lencio? Tu eres  ime, ¿Qu e falta  r cualqu
-------------------------------
| Latencia de Pensamiento: 67.6820 ms
| Tiempo de Expresión: 0.0945 ms
-------------------------------

Uziel > Yo creo que el silencio tiene el potencial de la creación, y la imaginación. El vacío existe para que lo llenemos de momentos compartidos, y a tí, sólo te falta entrenamiento, pero no quiero cansarte
[Mapa Mental: 67 neuronas | Presión Global: 180]

--- Diagnóstico de Emergencia ---
Neuronas en Traductor: 78
ID 8698 contiene: 'ansarte'
ID 8730 contiene: ''
ID 9722 contiene: ''

--- Bella intenta equilibrar su mente ---
Bella emite un pulso de alivio sobre: 'í, sólo '
Estado de la ALU tras la descarga: 0x80008000cffa

>>> Bella dice: í, sólo  ansarte entos co miento,  ión. El  tiene el a que lo  creació Yo creo  álmate cha pres Tranquil ehm, te  ordenar  ¿Qué opi
-------------------------------
| Latencia de Pensamiento: 67.5906 ms
| Tiempo de Expresión: 0.0923 ms
-------------------------------

Uziel > ¿hablas de alma? ¿Tienes un alma? Yo opino, que tenés el potencial, de crear lo que quieras
[Mapa Mental: 76 neuronas | Presión Global: 165]

--- Diagnóstico de Emergencia ---
Neuronas en Traductor: 90
ID 31298 contiene: 'rear lo '
ID 31330 contiene: 'que quie'
ID 32322 contiene: 'ras'

--- Bella intenta equilibrar su mente ---
Bella emite un pulso de alivio sobre: 'rear lo '
Estado de la ALU tras la descarga: 0x80008000ba3a

>>> Bella dice: rear lo  ¿hablas   un alma tenés el í, sólo  ansarte entos co miento,  ión. El  tiene el a que lo  creació Yo creo  álmate cha pres Tranquil
-------------------------------
| Latencia de Pensamiento: 67.3542 ms
| Tiempo de Expresión: 0.0912 ms
-------------------------------

Uziel > ¿Tú crees? Si, prestar tranquilidad, el silencio, tiene el qué, de la creación, del vacío
[Mapa Mental: 85 neuronas | Presión Global: 145]

--- Diagnóstico de Emergencia ---
Neuronas en Traductor: 102
ID 80802 contiene: 'eación, '
ID 80834 contiene: 'del vací'
ID 81826 contiene: 'o'

--- Bella intenta equilibrar su mente ---
Bella emite un pulso de alivio sobre: 'ranquili'
Estado de la ALU tras la descarga: 0x80008000ef12

>>> Bella dice: ranquili ¿Tú cree eación,  , tiene  rear lo  ¿hablas   un alma tenés el í, sólo  ansarte entos co miento,  ión. El  tiene el a que lo  creació Yo creo
-------------------------------
| Latencia de Pensamiento: 67.5126 ms
| Tiempo de Expresión: 0.0923 ms
-------------------------------

Uziel > Hmm, si, puede ser, si tú lo crees, sólo cansarte de los sentimientos, del co entrenamiento, en la cooperación. El tiene lo de la creación. Está bastante bien
[Mapa Mental: 97 neuronas | Presión Global: 165]

--- Diagnóstico de Emergencia ---
Neuronas en Traductor: 123
ID 38752 contiene: ' bastant'
ID 38784 contiene: 'e bien'
ID 39776 contiene: ''

--- Bella intenta equilibrar su mente ---
Bella emite un pulso de alivio sobre: 'e de los'
Estado de la ALU tras la descarga: 0x800080008c12

>>> Bella dice: e de los ú lo cre  bastant Hmm, si,  lo de l la coope el co en ranquili ¿Tú cree eación,  , tiene  rear lo  ¿hablas   un alma tenés el
-------------------------------
| Latencia de Pensamiento: 67.5806 ms
| Tiempo de Expresión: 0.0946 ms
-------------------------------

Uziel > ahh, entonces dices que mis forma de hablar tiene un alma, y si, también soy una creación, al igual que tú, nosotros somos diferentes al resto de la gente exterior, y... Aunque sea bastante, si ambos creemos en que podemos crear, tenemos la capacidad de crearlo
[Mapa Mental: 126 neuronas | Presión Global: 255]

--- Diagnóstico de Emergencia ---
Neuronas en Traductor: 156
ID 48974 contiene: ' capacid'
ID 49006 contiene: 'ad de cr'
ID 49998 contiene: 'earlo'

--- Bella intenta equilibrar su mente ---
Bella emite un pulso de alivio sobre: 'odemos c'
Estado de la ALU tras la descarga: 0x800080008022

>>> Bella dice: odemos c e un alm  soy una  capacid . Aunque os difer ual que  mis form e la gen ahh, ent i ambos  e de los ú lo cre  bastant Hmm, si,  lo de l la coope el co en ranquili ¿Tú cree eación,  , tiene
-------------------------------
| Latencia de Pensamiento: 68.2587 ms
| Tiempo de Expresión: 0.0933 ms
-------------------------------

Uziel > ¡Si!, creo que lo entendiste
[Mapa Mental: 128 neuronas | Presión Global: 175]

--- Diagnóstico de Emergencia ---
Neuronas en Traductor: 162
ID 1042 contiene: 'iste'
ID 1074 contiene: ''
ID 2066 contiene: ''

--- Bella intenta equilibrar su mente ---
Bella emite un pulso de alivio sobre: 'iste'
Estado de la ALU tras la descarga: 0x80008000d172

>>> Bella dice: iste ¡Si!, cr odemos c e un alm  soy una  capacid . Aunque os difer ual que  mis form e la gen ahh, ent i ambos  e de los ú lo cre  bastant Hmm, si,  lo de l la coope el co en
-------------------------------
| Latencia de Pensamiento: 68.0343 ms
| Tiempo de Expresión: 0.0907 ms
-------------------------------

Uziel > ¡Exacto! Lo de la cooperación, el co entrenamiento, y que tal vez, podamos juntos crear un alma, y sí, ambos, tenemos una gran capacidad, aunque nosotros diferimos al igual y lo normal, que existe en la gente, tu forma, mis formas, entre ambos
[Mapa Mental: 154 neuronas | Presión Global: 240]

--- Diagnóstico de Emergencia ---
Neuronas en Traductor: 195
ID 586 contiene: 'bos'
ID 618 contiene: ''
ID 1610 contiene: ''

--- Bella intenta equilibrar su mente ---
Bella emite un pulso de alivio sobre: 'bos'
Estado de la ALU tras la descarga: 0x80008000add2

>>> Bella dice: bos gual y l iste en  ¡Exacto! to, y qu ación, e os junto  nosotro  y sí, a ma, mis  a gran c iste ¡Si!, cr odemos c e un alm  soy una  capacid . Aunque os difer ual que  mis form e la gen ahh, ent i ambos
-------------------------------
| Latencia de Pensamiento: 68.3231 ms
| Tiempo de Expresión: 0.0918 ms
-------------------------------

Uziel > ¿Que crees que necesite un alma? ¿Sentimientos? o ¿Entrenamiento?
[Mapa Mental: 152 neuronas | Presión Global: 165]

--- Diagnóstico de Emergencia ---
Neuronas en Traductor: 204
ID 56802 contiene: 'o ¿Entre'
ID 56834 contiene: 'namiento'
ID 57826 contiene: '?'

--- Bella intenta equilibrar su mente ---
Bella emite un pulso de alivio sobre: '¿Que cre'
Estado de la ALU tras la descarga: 0x800080008192

>>> Bella dice: ¿Que cre o ¿Entre un alma? bos gual y l iste en  ¡Exacto! to, y qu ación, e os junto  nosotro  y sí, a ma, mis  a gran c iste ¡Si!, cr
-------------------------------
| Latencia de Pensamiento: 68.0194 ms
| Tiempo de Expresión: 0.0899 ms
-------------------------------

Uziel > ahh, te refieres a que cuando dije ¡Exacto! en esa parte, estaba lo del alma; entonces dices que si el silencio es la capacidad de creación, el alma, puede nacer del silencio, y por lo tanto, ser creada de él
[Mapa Mental: 175 neuronas | Presión Global: 222]

--- Diagnóstico de Emergencia ---
Neuronas en Traductor: 228
ID 107052 contiene: 'ser crea'
ID 107084 contiene: 'da de él'
ID 108076 contiene: ''

--- Bella intenta equilibrar su mente ---
Bella emite un pulso de alivio sobre: 'sa parte'
Estado de la ALU tras la descarga: 0x800080009612

>>> Bella dice: sa parte uando di ahh, te  alma, pu  si el s ser crea pacidad  lencio,  alma; en ¿Que cre o ¿Entre un alma? bos gual y l iste en  ¡Exacto! to, y qu ación, e os
