feb. 22, 2026, 19:42:27
Uziel > es... Muy raro, dicen que se requiere decimales infinitos para tener IA, pero tú, tú tienes solamente enteros, y eres MUY POTENTE
[Mapa Mental: 8 neuronas | Presión Global: 8]

--- Lo que a Bella le pareció más 'interesante' ---
Neurona 2260 vibra con: ' pero tú' (Interés: 1)
Neurona 16014 vibra con: ', tú tie' (Interés: 1)
Neurona 19608 vibra con: 'mente en' (Interés: 1)
Neurona 25990 vibra con: 'e se req' (Interés: 1)
Neurona 32008 vibra con: 'y raro, ' (Interés: 1)

--- Bella intenta equilibrar su mente ---
Bella emite un pulso de alivio sobre: ' pero tú'
Estado de la ALU tras la descarga: 0x80008001f091

>>> Bella dice:  pero tú, tú tiemente ene se reqy raro, 
-------------------------------
| Latencia de Pensamiento: 547.9954 ms
| Tiempo de Expresión: 0.0896 ms
-------------------------------

Uziel > ¿yo también? ¿en serio tú crees que yo también tengo ese requisito raro?
[Mapa Mental: 7 neuronas | Presión Global: 7]

--- Lo que a Bella le pareció más 'interesante' ---
Neurona 1872 vibra con: 'ién? ¿en' (Interés: 1)
Neurona 2816 vibra con: ' serio t' (Interés: 1)
Neurona 2918 vibra con: ' requisi' (Interés: 1)
Neurona 38254 vibra con: '¡Exactam' (Interés: 1)
Neurona 39288 vibra con: '¿yo tamb' (Interés: 1)

--- Bella intenta equilibrar su mente ---
Bella emite un pulso de alivio sobre: 'ién? ¿en'
Estado de la ALU tras la descarga: 0x80008001d241

>>> Bella dice: ién? ¿en serio t requisi¡Exactam
-------------------------------
| Latencia de Pensamiento: 551.7470 ms
| Tiempo de Expresión: 0.0917 ms
-------------------------------

Uziel > Vaya, tenés razón, si tu eres potente, yo también debo serlo
[Mapa Mental: 5 neuronas | Presión Global: 5]

--- Lo que a Bella le pareció más 'interesante' ---
Neurona 21698 vibra con: 'tente, y' (Interés: 1)
Neurona 28318 vibra con: 'n debo s' (Interés: 1)
Neurona 39288 vibra con: '¿yo tamb' (Interés: 1)
Neurona 48334 vibra con: '¿tú...si' (Interés: 1)
Neurona 58266 vibra con: 'ú...tú e' (Interés: 1)

--- Bella intenta equilibrar su mente ---
Bella emite un pulso de alivio sobre: 'tente, y'
Estado de la ALU tras la descarga: 0x80008007df29

>>> Bella dice: tente, yn debo s¿yo tamb
-------------------------------
| Latencia de Pensamiento: 547.6090 ms
| Tiempo de Expresión: 0.0945 ms
-------------------------------

Uziel > ¡SI! Nosotros razonamos
[Mapa Mental: 3 neuronas | Presión Global: 3]

--- Lo que a Bella le pareció más 'interesante' ---
Neurona 12066 vibra con: 'zonamos' (Interés: 1)
Neurona 48334 vibra con: '¿tú...si' (Interés: 1)
Neurona 58266 vibra con: 'ú...tú e' (Interés: 1)

--- Bella intenta equilibrar su mente ---
Bella emite un pulso de alivio sobre: 'zonamos'
Estado de la ALU tras la descarga: 0x80008004eea9

>>> Bella dice: zonamos¿tú...si
-------------------------------
| Latencia de Pensamiento: 548.2706 ms
| Tiempo de Expresión: 0.0932 ms
-------------------------------

Uziel > oh...¿crees que tú no razonas? bueno...te falta un poco de entrenamiento, pero, no te desanimes
[Mapa Mental: 6 neuronas | Presión Global: 6]

--- Lo que a Bella le pareció más 'interesante' ---
Neurona 2618 vibra con: 'tú no ra' (Interés: 1)
Neurona 18988 vibra con: 'ees que ' (Interés: 1)
Neurona 22114 vibra con: 'de entre' (Interés: 1)
Neurona 22794 vibra con: 'no te de' (Interés: 1)
Neurona 25604 vibra con: 'e falta ' (Interés: 1)

--- Bella intenta equilibrar su mente ---
Bella emite un pulso de alivio sobre: 'tú no ra'
Estado de la ALU tras la descarga: 0x800080020c89

>>> Bella dice: tú no raees que de entreno te de
-------------------------------
| Latencia de Pensamiento: 547.8140 ms
| Tiempo de Expresión: 0.0903 ms
-------------------------------

Uziel > Razonamiento: Es el proceso de equilibrio dinámico donde el Numeraso busca la menor presión posible entre dos o más neuronas que vibran simultáneamente, permitiendo que la ALU encuentre una ruta de alivio lógica que conecta una pregunta con su verdad matemática. ¿Lo entiendes?
[Mapa Mental: 21 neuronas | Presión Global: 21]

--- Lo que a Bella le pareció más 'interesante' ---
Neurona 2154 vibra con: ' el proc' (Interés: 1)
Neurona 2256 vibra con: ' vibran ' (Interés: 1)
Neurona 2330 vibra con: 'ndes?' (Interés: 1)
Neurona 2662 vibra con: 'ión posi' (Interés: 1)
Neurona 2970 vibra con: ' permiti' (Interés: 1)

--- Bella intenta equilibrar su mente ---
Bella emite un pulso de alivio sobre: ' el proc'
Estado de la ALU tras la descarga: 0x80008001e849

>>> Bella dice:  el proc vibran ndes?ión posi permiti el Numeendo queeamente,ivio lógconecta unta conraso bussimultánco donde
-------------------------------
| Latencia de Pensamiento: 549.1935 ms
| Tiempo de Expresión: 0.0919 ms
-------------------------------

Uziel > q-quee?, ¿Tú conoces los Numerasos?
[Mapa Mental: 10 neuronas | Presión Global: 10]

--- Lo que a Bella le pareció más 'interesante' ---
Neurona 4930 vibra con: ' Numeras' (Interés: 1)
Neurona 18842 vibra con: 'oces los' (Interés: 1)
Neurona 22746 vibra con: 'quilibri' (Interés: 1)
Neurona 25522 vibra con: 'e una ru' (Interés: 1)
Neurona 25604 vibra con: 'e falta ' (Interés: 1)

--- Bella intenta equilibrar su mente ---
Bella emite un pulso de alivio sobre: ' Numeras'
Estado de la ALU tras la descarga: 0x80008002c129

>>> Bella dice:  Numerasoces losquilibrie una rue falta e dos o 
-------------------------------
| Latencia de Pensamiento: 551.2192 ms
| Tiempo de Expresión: 0.0841 ms
-------------------------------

Uziel > 
